2019-07-04 22:23:31,189-common.base_page-INFO-等待元素可见('xpath', '//input[@name="account"]')
2019-07-04 22:23:31,229-common.base_page-INFO-开始时间点2019-07-04 22:23:31.190451，结束时间点2019-07-04 22:23:31.229889，等待时长0:00:00.039438
2019-07-04 22:23:31,230-common.base_page-INFO-查找用户输入框种的元素('xpath', '//input[@name="account"]')
2019-07-04 22:23:31,245-common.base_page-INFO-元素('xpath', '//input[@name="account"]')输入文本内容
2019-07-04 22:23:31,358-common.base_page-INFO-等待元素可见('xpath', '//input[@name="pass"]')
2019-07-04 22:23:31,391-common.base_page-INFO-开始时间点2019-07-04 22:23:31.359553，结束时间点2019-07-04 22:23:31.391471，等待时长0:00:00.031918
2019-07-04 22:23:31,393-common.base_page-INFO-查找密码框种的元素('xpath', '//input[@name="pass"]')
2019-07-04 22:23:31,402-common.base_page-INFO-元素('xpath', '//input[@name="pass"]')输入文本内容
2019-07-04 22:23:31,477-common.base_page-INFO-等待元素可见('xpath', '//a[@class="btn-btn"]')
2019-07-04 22:23:31,505-common.base_page-INFO-开始时间点2019-07-04 22:23:31.477389，结束时间点2019-07-04 22:23:31.505313，等待时长0:00:00.027924
2019-07-04 22:23:31,505-common.base_page-INFO-查找登录框种的元素('xpath', '//a[@class="btn-btn"]')
2019-07-04 22:23:31,515-common.base_page-INFO-点击元素('xpath', '//a[@class="btn-btn"]')
2019-07-04 22:23:31,573-common.base_page-INFO-等待元素可见('xpath', '//a[@class="close"]')
2019-07-04 22:23:32,706-common.base_page-INFO-开始时间点2019-07-04 22:23:31.574131，结束时间点2019-07-04 22:23:32.705104，等待时长0:00:01.130973
2019-07-04 22:23:32,706-common.base_page-INFO-查找种的元素('xpath', '//a[@class="close"]')
2019-07-04 22:23:32,717-common.base_page-INFO-点击元素('xpath', '//a[@class="close"]')
2019-07-04 22:23:35,873-common.base_page-INFO-等待元素可见('xpath', '//dt[contains(@class,"bgclass")]//strong//a')
2019-07-04 22:23:35,900-common.base_page-INFO-开始时间点2019-07-04 22:23:35.873618，结束时间点2019-07-04 22:23:35.900134，等待时长0:00:00.026516
2019-07-04 22:23:35,900-common.base_page-INFO-查找种的元素('xpath', '//dt[contains(@class,"bgclass")]//strong//a')
2019-07-04 22:23:35,911-common.base_page-INFO-点击元素('xpath', '//dt[contains(@class,"bgclass")]//strong//a')
2019-07-04 22:23:36,119-common.base_page-INFO-等待元素可见('xpath', '//h3[@class="work-title "]//a')
2019-07-04 22:23:37,332-common.base_page-INFO-开始时间点2019-07-04 22:23:36.119552，结束时间点2019-07-04 22:23:37.332734，等待时长0:00:01.213182
2019-07-04 22:23:37,333-common.base_page-INFO-查找种的元素('xpath', '//h3[@class="work-title "]//a')
2019-07-04 22:23:37,344-common.base_page-INFO-点击元素('xpath', '//h3[@class="work-title "]//a')
2019-07-04 22:23:39,723-common.base_page-INFO-等待元素可见('xpath', '//div[@class="work-list"]//li')
2019-07-04 22:23:39,751-common.base_page-INFO-开始时间点2019-07-04 22:23:39.723115，结束时间点2019-07-04 22:23:39.751740，等待时长0:00:00.028625
2019-07-04 22:23:39,751-common.base_page-INFO-查找种的元素('xpath', '//div[@class="work-list"]//li')
2019-07-04 22:23:39,765-common.base_page-INFO-等待元素可见('xpath', '//div[@class="homework-log"]//a')
2019-07-04 22:23:39,793-common.base_page-INFO-开始时间点2019-07-04 22:23:39.765700，结束时间点2019-07-04 22:23:39.793627，等待时长0:00:00.027927
2019-07-04 22:23:39,793-common.base_page-INFO-查找种的元素('xpath', '//div[@class="homework-log"]//a')
2019-07-04 22:23:39,804-common.base_page-INFO-点击元素('xpath', '//div[@class="homework-log"]//a')
2019-07-04 22:23:39,879-common.base_page-INFO-等待元素可见('xpath', '//div[@class="content"]//li')
2019-07-04 22:23:40,460-common.base_page-INFO-开始时间点2019-07-04 22:23:39.879396，结束时间点2019-07-04 22:23:40.460097，等待时长0:00:00.580701
2019-07-04 22:23:40,460-common.base_page-INFO-查找种的元素('xpath', '//div[@class="content"]//li')
2019-07-04 22:23:40,474-common.base_page-INFO-等待元素可见('xpath', '//a[contains(@class,"new-tj1")]')
2019-07-04 22:23:40,501-common.base_page-INFO-开始时间点2019-07-04 22:23:40.474058，结束时间点2019-07-04 22:23:40.501984，等待时长0:00:00.027926
2019-07-04 22:23:40,501-common.base_page-INFO-查找种的元素('xpath', '//a[contains(@class,"new-tj1")]')
2019-07-04 22:23:40,512-common.base_page-INFO-点击元素('xpath', '//a[contains(@class,"new-tj1")]')
2019-07-04 22:23:40,580-common.base_page-INFO-等待元素可见('xpath', '//div[@id="update-pop"]//a[contains(@class,"sure")]')
2019-07-04 22:23:40,614-common.base_page-INFO-开始时间点2019-07-04 22:23:40.580773，结束时间点2019-07-04 22:23:40.614698，等待时长0:00:00.033925
2019-07-04 22:23:40,614-common.base_page-INFO-查找种的元素('xpath', '//div[@id="update-pop"]//a[contains(@class,"sure")]')
2019-07-04 22:23:40,627-common.base_page-INFO-点击元素('xpath', '//div[@id="update-pop"]//a[contains(@class,"sure")]')
2019-07-04 22:23:40,689-common.base_page-INFO-等待元素可见('xpath', '//a[@class="sc-btn webuploader-container"]')
2019-07-04 22:23:40,721-common.base_page-INFO-开始时间点2019-07-04 22:23:40.690481，结束时间点2019-07-04 22:23:40.721397，等待时长0:00:00.030916
2019-07-04 22:23:40,721-common.base_page-INFO-查找种的元素('xpath', '//a[@class="sc-btn webuploader-container"]')
2019-07-04 22:23:40,732-common.base_page-INFO-点击元素('xpath', '//a[@class="sc-btn webuploader-container"]')
2019-07-04 22:23:43,981-common.base_page-INFO-等待元素可见('xpath', '//a[contains(@class,"new-tj2")]')
2019-07-04 22:23:44,014-common.base_page-INFO-开始时间点2019-07-04 22:23:43.981088，结束时间点2019-07-04 22:23:44.014997，等待时长0:00:00.033909
2019-07-04 22:23:44,014-common.base_page-INFO-查找种的元素('xpath', '//a[contains(@class,"new-tj2")]')
2019-07-04 22:23:44,031-common.base_page-INFO-点击元素('xpath', '//a[contains(@class,"new-tj2")]')
2019-07-04 22:23:44,133-common.base_page-INFO-等待元素可见('xpath', '//a[@class="weui_btn_dialog primary"]')
2019-07-04 22:23:44,136-common.base_page-ERROR-等待元素可见失败
2019-07-04 22:23:44,138-common.base_page-ERROR-网页截屏失败！
Traceback (most recent call last):
  File "F:\MyProject\web_ketangpai\common\base_page.py", line 26, in wait_ele_visible
    WebDriverWait(self.driver,timeout).until(EC.visibility_of_element_located(loc))
  File "F:\Program Files\Python37\lib\site-packages\selenium\webdriver\support\wait.py", line 71, in until
    value = method(self._driver)
  File "F:\Program Files\Python37\lib\site-packages\selenium\webdriver\support\expected_conditions.py", line 128, in __call__
    return _element_if_visible(_find_element(driver, self.locator))
  File "F:\Program Files\Python37\lib\site-packages\selenium\webdriver\support\expected_conditions.py", line 415, in _find_element
    raise e
  File "F:\Program Files\Python37\lib\site-packages\selenium\webdriver\support\expected_conditions.py", line 411, in _find_element
    return driver.find_element(*by)
  File "F:\Program Files\Python37\lib\site-packages\selenium\webdriver\remote\webdriver.py", line 978, in find_element
    'value': value})['value']
  File "F:\Program Files\Python37\lib\site-packages\selenium\webdriver\remote\webdriver.py", line 321, in execute
    self.error_handler.check_response(response)
  File "F:\Program Files\Python37\lib\site-packages\selenium\webdriver\remote\errorhandler.py", line 241, in check_response
    raise exception_class(message, screen, stacktrace, alert_text)
selenium.common.exceptions.UnexpectedAlertPresentException: Alert Text: None
Message: unexpected alert open: {Alert text : 还有文件处于上传中，是否要放弃上传}
  (Session info: chrome=75.0.3770.100)
  (Driver info: chromedriver=74.0.3729.6 (255758eccf3d244491b8a1317aa76e1ce10d57e9-refs/branch-heads/3729@{#29}),platform=Windows NT 10.0.17134 x86_64)


During handling of the above exception, another exception occurred:

Traceback (most recent call last):
  File "F:\MyProject\web_ketangpai\common\base_page.py", line 133, in save_web_screenshot
    self.driver.save_screenshot(screenshot_dir +"/" + filepath)
  File "F:\Program Files\Python37\lib\site-packages\selenium\webdriver\remote\webdriver.py", line 1055, in save_screenshot
    return self.get_screenshot_as_file(filename)
  File "F:\Program Files\Python37\lib\site-packages\selenium\webdriver\remote\webdriver.py", line 1032, in get_screenshot_as_file
    png = self.get_screenshot_as_png()
  File "F:\Program Files\Python37\lib\site-packages\selenium\webdriver\remote\webdriver.py", line 1064, in get_screenshot_as_png
    return base64.b64decode(self.get_screenshot_as_base64().encode('ascii'))
  File "F:\Program Files\Python37\lib\site-packages\selenium\webdriver\remote\webdriver.py", line 1074, in get_screenshot_as_base64
    return self.execute(Command.SCREENSHOT)['value']
  File "F:\Program Files\Python37\lib\site-packages\selenium\webdriver\remote\webdriver.py", line 321, in execute
    self.error_handler.check_response(response)
  File "F:\Program Files\Python37\lib\site-packages\selenium\webdriver\remote\errorhandler.py", line 241, in check_response
    raise exception_class(message, screen, stacktrace, alert_text)
selenium.common.exceptions.UnexpectedAlertPresentException: Alert Text: None
Message: unexpected alert open: {Alert text : 还有文件处于上传中，是否要放弃上传}
  (Session info: chrome=75.0.3770.100)
  (Driver info: chromedriver=74.0.3729.6 (255758eccf3d244491b8a1317aa76e1ce10d57e9-refs/branch-heads/3729@{#29}),platform=Windows NT 10.0.17134 x86_64)

2019-07-04 22:23:44,324-common.base_page-INFO-等待元素可见('xpath', '//span[@class="s2"]')
2019-07-04 22:23:44,328-common.base_page-ERROR-等待元素可见失败
2019-07-04 22:23:44,332-common.base_page-ERROR-网页截屏失败！
Traceback (most recent call last):
  File "F:\MyProject\web_ketangpai\common\base_page.py", line 26, in wait_ele_visible
    WebDriverWait(self.driver,timeout).until(EC.visibility_of_element_located(loc))
  File "F:\Program Files\Python37\lib\site-packages\selenium\webdriver\support\wait.py", line 71, in until
    value = method(self._driver)
  File "F:\Program Files\Python37\lib\site-packages\selenium\webdriver\support\expected_conditions.py", line 128, in __call__
    return _element_if_visible(_find_element(driver, self.locator))
  File "F:\Program Files\Python37\lib\site-packages\selenium\webdriver\support\expected_conditions.py", line 415, in _find_element
    raise e
  File "F:\Program Files\Python37\lib\site-packages\selenium\webdriver\support\expected_conditions.py", line 411, in _find_element
    return driver.find_element(*by)
  File "F:\Program Files\Python37\lib\site-packages\selenium\webdriver\remote\webdriver.py", line 978, in find_element
    'value': value})['value']
  File "F:\Program Files\Python37\lib\site-packages\selenium\webdriver\remote\webdriver.py", line 321, in execute
    self.error_handler.check_response(response)
  File "F:\Program Files\Python37\lib\site-packages\selenium\webdriver\remote\errorhandler.py", line 241, in check_response
    raise exception_class(message, screen, stacktrace, alert_text)
selenium.common.exceptions.UnexpectedAlertPresentException: Alert Text: None
Message: unexpected alert open: {Alert text : 还有文件处于上传中，是否要放弃上传}
  (Session info: chrome=75.0.3770.100)
  (Driver info: chromedriver=74.0.3729.6 (255758eccf3d244491b8a1317aa76e1ce10d57e9-refs/branch-heads/3729@{#29}),platform=Windows NT 10.0.17134 x86_64)


During handling of the above exception, another exception occurred:

Traceback (most recent call last):
  File "F:\MyProject\web_ketangpai\common\base_page.py", line 133, in save_web_screenshot
    self.driver.save_screenshot(screenshot_dir +"/" + filepath)
  File "F:\Program Files\Python37\lib\site-packages\selenium\webdriver\remote\webdriver.py", line 1055, in save_screenshot
    return self.get_screenshot_as_file(filename)
  File "F:\Program Files\Python37\lib\site-packages\selenium\webdriver\remote\webdriver.py", line 1032, in get_screenshot_as_file
    png = self.get_screenshot_as_png()
  File "F:\Program Files\Python37\lib\site-packages\selenium\webdriver\remote\webdriver.py", line 1064, in get_screenshot_as_png
    return base64.b64decode(self.get_screenshot_as_base64().encode('ascii'))
  File "F:\Program Files\Python37\lib\site-packages\selenium\webdriver\remote\webdriver.py", line 1074, in get_screenshot_as_base64
    return self.execute(Command.SCREENSHOT)['value']
  File "F:\Program Files\Python37\lib\site-packages\selenium\webdriver\remote\webdriver.py", line 321, in execute
    self.error_handler.check_response(response)
  File "F:\Program Files\Python37\lib\site-packages\selenium\webdriver\remote\errorhandler.py", line 241, in check_response
    raise exception_class(message, screen, stacktrace, alert_text)
selenium.common.exceptions.UnexpectedAlertPresentException: Alert Text: None
Message: unexpected alert open: {Alert text : 还有文件处于上传中，是否要放弃上传}
  (Session info: chrome=75.0.3770.100)
  (Driver info: chromedriver=74.0.3729.6 (255758eccf3d244491b8a1317aa76e1ce10d57e9-refs/branch-heads/3729@{#29}),platform=Windows NT 10.0.17134 x86_64)

